<?xml version="1.0" encoding="UTF-8"?>
<!-- Generated by org.testng.reporters.JUnitXMLReporter -->
<testsuite hostname="Swati-PC" name="Test" tests="7" failures="0" timestamp="2 Mar 2018 19:55:12 GMT" time="296.711" errors="0">
  <testcase name="createContact" time="12.954" classname="crm.Crm.ContactTest.CreateContactTest"/>
  <testcase name="createContactwithimageTest" time="26.956" classname="crm.Crm.ContactTest.CreateContactTest"/>
  <testcase name="createContactWithOrganisationTest" time="20.632" classname="crm.Crm.ContactTest.CreateContactTest"/>
  <testcase name="createOganisationTest" time="12.791" classname="com.Com.OrganizationTest.CreateOganisationTest"/>
  <testcase name="createOrganisationWithIndustryTest" time="13.591" classname="com.Com.OrganizationTest.CreateOganisationTest"/>
  <testcase name="createOpertunity_using_org_campaignTest" time="39.595" classname="com.Com.EndToEndTest.CreateOpertunity_using_org_campaignTest"/>
  <testcase name="DeleteOrgWhenOrgContainsContact_OppTest" time="87.511" classname="com.Com.EndToEndTest.CreateOpertunity_using_org_campaignTest"/>
</testsuite> <!-- Test -->
