<?xml version="1.0" encoding="UTF-8"?>
<!-- Generated by org.testng.reporters.JUnitXMLReporter -->
<testsuite hostname="Swati-PC" name="Default test" tests="3" failures="0" timestamp="2 Mar 2018 20:09:09 GMT" time="95.89" errors="0">
  <testcase name="createContact" time="13.063" classname="crm.Crm.ContactTest.CreateContactTest"/>
  <testcase name="createContactwithimageTest" time="27.425" classname="crm.Crm.ContactTest.CreateContactTest"/>
  <testcase name="createContactWithOrganisationTest" time="22.855" classname="crm.Crm.ContactTest.CreateContactTest"/>
</testsuite> <!-- Default test -->
