<?xml version="1.0" encoding="UTF-8"?>
<!-- Generated by org.testng.reporters.JUnitXMLReporter -->
<testsuite hostname="Swati-PC" name="TR-firefox" tests="6" failures="0" timestamp="20 Feb 2018 15:14:16 GMT" time="177.809" errors="0">
  <testcase name="createContact" time="10.081" classname="dummyseleniumPractice.DummyTestCreateContactTest"/>
  <testcase name="createContactwithimageTest" time="16.591" classname="dummyseleniumPractice.DummyTestCreateContactTest"/>
  <testcase name="createContactWithOrganisationTest" time="53.142" classname="dummyseleniumPractice.DummyTestCreateContactTest"/>
  <testcase name="createOganisationTest" time="8.546" classname="dummyseleniumPractice.DummyTestCreateOganisationTest"/>
  <testcase name="createOrganisationWithTypeTest" time="9.279" classname="dummyseleniumPractice.DummyTestCreateOganisationTest"/>
  <testcase name="createOpertunity_using_org_campaignTest" time="24.896" classname="dummyseleniumPractice.DummyTestCreateOpertunity_using_org_campaignTest"/>
</testsuite> <!-- TR-firefox -->
